  Data = 1 2C 1 4B 46 7F FF 4 10 14  CRC=14
  Temperature = 18.75 Celsius, 65.75 Fahrenheit
No more addresses.

ROM = 28 A CF 80 1 0 0 EE
  Chip = DS18B20
  Data = 1 2C 1 4B 46 7F FF 4 10 14  CRC=14
  Temperature = 18.75 Celsius, 65.75 Fahrenheit
No more addresses.

ROM = 28 A CF 80 1 0 0 EE
  Chip = DS18B20
  Data = 1 2C 1 4B 46 7F FF 4 10 14  CRC=14
  Temperature = 18.75 Celsius, 65.75 Fahrenheit
No more addresses.

ROM = 28 A CF 80 1 0 0 EE
  Chip = DS18B20
  Data = 1 2D 1 4B 46 7F FF 3 10 39  CRC=39
  Temperature = 18.81 Celsius, 65.86 Fahrenheit
No more addresses.

ROM = 28 A CF 80 1 0 0 EE
  Chip = DS18B20
  Data = 1 2C 1 4B 46 7F FF 4 10 14  CRC=14
  Temperature = 18.75 Celsius, 65.75 Fahrenheit
No more addresses.

ROM = 28 A CF 80 1 0 0 EE
  Chip = DS18B20
  Data = 1 2D 1 4B 46 7F FF 3 10 39  CRC=39
  Temperature = 18.81 Celsius, 65.86 Fahrenheit
No more addresses.

ROM = 28 A CF 80 1 0 0 EE
  Chip = DS18B20
  Data = 1 2C 1 4B 46 7F FF 4 10 14  CRC=14
  Temperature = 18.75 Celsius, 65.75 Fahrenheit
No more addresses.

ROM = 28 A CF 80 1 0 0 EE
  Chip = DS18B20
  Data = 1 2C 1 4B 46 7F FF 4 10 14  CRC=14
  Temperature = 18.75 Celsius, 65.75 Fahrenheit
No more addresses.

ROM = 28 A CF 80 1 0 0 EE
  Chip = DS18B20
  Data = 1 2C 1 4B 46 7F FF 4 10 14  CRC=14
  Temperature = 18.75 Celsius, 65.75 Fahrenheit
No more addresses.

ROM = 28 A CF 80 1 0 0 EE
  Chip = DS18B20
  Data = 1 2C 1 4B 46 7F FF 4 10 14  CRC=14
  Temperature = 18.75 Celsius, 65.75 Fahrenheit
No more addresses.

ROM = 28 A CF 80 1 0 0 EE
  Chip = DS18B20
  Data = 1 2C 1 4B 46 7F FF 4 10 14  CRC=14
  Temperature = 18.75 Celsius, 65.75 Fahrenheit
No more addresses.

ROM = 28 A CF 80 1 0 0 EE
  Chip = DS18B20
  Data = 1 2C 1 4B 46 7F FF 4 10 14  CRC=14
  Temperature = 18.75 Celsius, 65.75 Fahrenheit
No more addresses.

ROM = 28 A CF 80 1 0 0 EE
  Chip = DS18B20
  Data = 1 2C 1 4B 46 7F FF 4 10 14  CRC=14
  Temperature = 18.75 Celsius, 65.75 Fahrenheit
No more addresses.

ROM = 28 A CF 80 1 0 0 EE
  Chip = DS18B20
  Data = 1 2C 1 4B 46 7F FF 4 10 14  CRC=14
  Temperature = 18.75 Celsius, 65.75 Fahrenheit
No more addresses.

ROM = 28 A CF 80 1 0 0 EE
  Chip = DS18B20
  Data = 1 2C 1 4B 46 7F FF 4 10 14  CRC=14
  Temperature = 18.75 Celsius, 65.75 Fahrenheit
No more addresses.

ROM = 28 A CF 80 1 0 0 EE
  Chip = DS18B20
  Data = 1 2C 1 4B 46 7F FF 4 10 14  CRC=14
  Temperature = 18.75 Celsius, 65.75 Fahrenheit
No more addresses.

ROM = 28 A CF 80 1 0 0 EE
  Chip = DS18B20
  Data = 1 2C 1 4B 46 7F FF 4 10 14  CRC=14
  Temperature = 18.75 Celsius, 65.75 Fahrenheit
No more addresses.

ROM = 28 A CF 80 1 0 0 EE
  Chip = DS18B20
  Data = 1 2C 1 4B 46 7F FF 4 10 14  CRC=14
  Temperature = 1