  Data = 01 26 01 4b 46 7f ff 0a 10 64  CRC=64
  Temperature = 18.375000 Celsius, 65.074997 Fahrenheit
ROM= 28 0a cf 80 01 00 00 ee
  Chip = DS18B20  Data = 01 26 01 4b 46 7f ff 0a 10 64  CRC=64
  Temperature = 18.375000 Celsius, 65.074997 Fahrenheit
ROM= 28 0a cf 80 01 00 00 ee
  Chip = DS18B20  Data = 01 25 01 4b 46 7f ff 0b 10 65  CRC=65
  Temperature = 18.312500 Celsius, 64.962502 Fahrenheit
ROM= 28 0a cf 80 01 00 00 ee
  Chip = DS18B20  Data = 01 26 01 4b 46 7f ff 0a 10 64  CRC=64
  Temperature = 18.375000 Celsius, 65.074997 Fahrenheit
ROM= 28 0a cf 80 01 00 00 ee
  Chip = DS18B20  Data = 01 26 01 4b 46 7f ff 0a 10 64  CRC=64
  Temperature = 18.375000 Celsius, 65.074997 Fahrenheit
ROM= 28 0a cf 80 01 00 00 ee
  Chip = DS18B20  Data = 01 26 01 4b 46 7f ff 0a 10 64  CRC=64
  Temperature = 18.375000 Celsius, 65.074997 Fahrenheit
ROM= 28 0a cf 80 01 00 00 ee
  Chip = DS18B20  Data = 01 26 01 4b 46 7f ff 0a 10 64  CRC=64
  Temperature = 18.375000 Celsius, 65.074997 Fahrenheit
ROM= 28 0a cf 80 01 00 00 ee
  Chip = DS18B20  Data = 01 26 01 4b 46 7f ff 0a 10 64  CRC=64
  Temperature = 18.375000 Celsius, 65.074997 Fahrenheit
ROM= 28 0a cf 80 01 00 00 ee
  Chip = DS18B20  Data = 01 26 01 4b 46 7f ff 0a 10 64  CRC=64
  Temperature = 18.375000 Celsius, 65.074997 Fahrenheit
ROM= 28 0a cf 80 01 00 00 ee
  Chip = DS18B20  Data = 01 26 01 4b 46 7f ff 0a 10 64  CRC=64
  Temperature = 18.375000 Celsius, 65.074997 Fahrenheit
ROM= 28 0a cf 80 01 00 00 ee
  Chip = DS18B20  Data = 01 26 01 4b 46 7f ff 0a 10 64  CRC=64
  Temperature = 18.375000 Celsius, 65.074997 Fahrenheit
ROM= 28 0a cf 80 01 00 00 ee
  Chip = DS18B20  Data = 01 26 01 4b 46 7f ff 0a 10 64  CRC=64
  Temperature = 18.375000 Celsius, 65.074997 Fahrenheit
ROM= 28 0a cf 80 01 00 00 ee
  Chip = DS18B20  Data = 01 26 01 4b 46 7f ff 0a 10 64  CRC=64
  Temperature = 18.375000 Celsius, 65.074997 Fahrenheit
ROM= 28 0a cf 80 01 00 00 ee
  Chip = DS18B20  Data = 01 26 01 4b 46 7f ff 0a 10 64  CRC=64
  Temperature = 18.375000 Celsius, 65.074997 Fahrenheit
ROM= 28 0a cf 80 01 00 00 ee
  Chip = DS18B20  Data = 01 26 01 4b 46 7f ff 0a 10 64  CRC=64
  Temperature = 18.375000 Celsius, 65.074997 Fahrenheit
ROM= 28 0a cf 80 01 00 00 ee
  Chip = DS18B20  Data = 01 26 01 4b 46 7f ff 0a 10 64  CRC=64
  Temperature = 18.375000 Celsius, 65.074997 Fahrenheit
ROM= 28 0a cf 80 01 00 00 ee
  Chip = DS18B20  Data = 01 2d 01 4b 46 7f ff 03 10 39  CRC=39
  Temperature = 18.812500 Celsius, 65.862503 Fahrenheit
ROM= 28 0a cf 80 01 00 00 ee
  Chip = DS18B20  Data = 01 4c 01 4b 46 7f ff 04 10 f5  CRC=f5
  Temperature = 20.750000 Celsius, 69.349998 Fahrenheit
ROM= 28 0a cf 80 01 00 00 ee
  Chip = DS18B20  Data = 01 62 01 4b 46 7f ff 0e 10 03  CRC=03
  Temperature = 22.125000 Celsius, 71.824997 Fahrenheit
ROM= 28 0a cf 80 01 00 00 ee
  Chip = DS18B20  Data = 01 73 01 4b 46 7f ff 0d 10 41  CRC=41
  Temperature = 23.187500 Celsius, 73.737503 Fahrenheit
ROM= 28 0a cf 80 01 00 00 ee
  Chip = DS18B20  Data = 01 7f 01 4b 46 7f ff 01 10 33  CRC=33
  Temperature = 23.937500 Celsius, 75.087502 Fahrenheit
ROM= 28 0a cf 80 01 00 00 ee
  Chip = DS18B20  Data = 01 8a 01 4b 46 7f ff 06 10 2c  CRC=2c
  Temperature = 24.625000 Celsius, 76.324997 Fahrenheit
ROM= 28 0a cf 80 01 00 00 ee
  Chip = DS18B20  Data = 01 92 01 4b 46 7f ff 0e 10 24  CRC=24
  Temperature = 25.125000 Celsius, 77.224998 Fahrenheit
ROM= 28 0a cf 80 01 00 00 ee
  Chip = DS18B20  Data = 01 98 01 4b 46 7f ff 08 10 22  CRC=22
  Temperature = 25.500000 Celsius, 77.900002 Fahrenheit
ROM= 28 0a cf 80 01 00 00 ee
  Chip = DS18B20  Data = 01 9e 01 4b 46 7f ff 02 10 56  CRC=56
  Temperature = 25.875000 Celsius, 78.574997 Fahrenheit
ROM= 28 0a cf 80 01 00 00 ee
  Chip = DS18B20  Data = 01 9b 01 4b 46 7f ff 05 10 6e  CRC=6e
  Temperature = 25.687500 Celsius, 78.237503 Fahrenheit
ROM= 28 0a cf 80 01 00 00 ee
  Chip = DS18B20  Data = 01 92 01 4b 46 7f ff 0e 10 24  CRC=24
  Temperature = 25.125000 Celsius, 77.224998 Fahrenheit
ROM= 28 0a cf 80 01 00 00 ee
  Chip = DS18B20  Data = 01 89 01 4b 46 7f ff 07 10 2d  CRC=2d
  Temperature = 24.562500 Celsius, 76.212502 Fahrenheit
ROM= 28 0a cf 80 01 00 00 ee
  Chip = DS18B20